<?xml version="1.0" encoding="UTF-8"?>
<!-- Generated by org.testng.reporters.JUnitXMLReporter -->
<testsuite ignored="5" hostname="Rajashri" failures="0" tests="7" name="Test" time="0.122" errors="0" timestamp="2023-06-22T16:05:01 IST">
  <testcase classname="testNgXMLformat.GroupStudy1" name="myTest1" time="0.013"/>
  <testcase classname="testNgXMLformat.GroupStudy1" name="myTest3" time="0.002"/>
  <testcase classname="testNgXMLformat.GroupStudy1" name="myTest4" time="0.002"/>
  <testcase classname="testNgXMLformat.GroupStudy1" name="myTest5" time="0.002"/>
  <testcase classname="testNgXMLformat.GroupStudy2" name="myTest10" time="0.001"/>
  <testcase classname="testNgXMLformat.GroupStudy2" name="myTest12" time="0.001"/>
  <testcase classname="testNgXMLformat.GroupStudy2" name="myTest8" time="0.003"/>
  <testcase classname="testNgXMLformat.GroupStudy2" name="myTest7" time="0.0">
    <ignored/>
  </testcase> <!-- myTest7 -->
  <testcase classname="testNgXMLformat.GroupStudy2" name="myTest11" time="0.0">
    <ignored/>
  </testcase> <!-- myTest11 -->
  <testcase classname="testNgXMLformat.GroupStudy2" name="myTest9" time="0.0">
    <ignored/>
  </testcase> <!-- myTest9 -->
  <testcase classname="testNgXMLformat.GroupStudy1" name="myTest6" time="0.0">
    <ignored/>
  </testcase> <!-- myTest6 -->
  <testcase classname="testNgXMLformat.GroupStudy1" name="myTest2" time="0.0">
    <ignored/>
  </testcase> <!-- myTest2 -->
</testsuite> <!-- Test -->
