<?xml version="1.0" encoding="UTF-8"?>
<!-- Generated by org.testng.reporters.JUnitXMLReporter -->
<testsuite ignored="3" hostname="Rajashri" failures="1" tests="2" name="Default test" time="0.084" errors="0" timestamp="2023-06-22T21:12:36 IST">
  <testcase classname="testNgXMLformat.Assert_fail" name="test2" time="0.015">
    <failure type="java.lang.AssertionError" message="null">
      <![CDATA[java.lang.AssertionError: null
at testNgXMLformat.Assert_fail.test2(Assert_fail.java:16)
at java.base/java.util.ArrayList.forEach(ArrayList.java:1511)
... Removed 29 stack frames]]>
    </failure>
  </testcase> <!-- test2 -->
  <testcase classname="testNgXMLformat.Assert_fail" name="test5" time="0.004"/>
  <testcase classname="testNgXMLformat.Assert_fail" name="test1" time="0.0">
    <ignored/>
  </testcase> <!-- test1 -->
  <testcase classname="testNgXMLformat.Assert_fail" name="test3" time="0.0">
    <ignored/>
  </testcase> <!-- test3 -->
  <testcase classname="testNgXMLformat.Assert_fail" name="test4" time="0.0">
    <ignored/>
  </testcase> <!-- test4 -->
</testsuite> <!-- Default test -->
